Warning[207] C:\USERS\NOELP\DOCUMENTS\GITHUB\PROYECTO 2\ASSEMBLY\PRUEBAS.X\PRUEBAPROYECTO2.ASM 21 : Found label after column 1. (GPR_VAR)
Warning[207] C:\USERS\NOELP\DOCUMENTS\GITHUB\PROYECTO 2\ASSEMBLY\PRUEBAS.X\PRUEBAPROYECTO2.ASM 27 : Found label after column 1. (W_TEMP)
Warning[207] C:\USERS\NOELP\DOCUMENTS\GITHUB\PROYECTO 2\ASSEMBLY\PRUEBAS.X\PRUEBAPROYECTO2.ASM 30 : Found label after column 1. (NIBBLE_L3)
Warning[207] C:\USERS\NOELP\DOCUMENTS\GITHUB\PROYECTO 2\ASSEMBLY\PRUEBAS.X\PRUEBAPROYECTO2.ASM 120 : Found label after column 1. (HIGHX)
Warning[207] C:\USERS\NOELP\DOCUMENTS\GITHUB\PROYECTO 2\ASSEMBLY\PRUEBAS.X\PRUEBAPROYECTO2.ASM 124 : Found label after column 1. (MEDIUMX)
Warning[207] C:\USERS\NOELP\DOCUMENTS\GITHUB\PROYECTO 2\ASSEMBLY\PRUEBAS.X\PRUEBAPROYECTO2.ASM 128 : Found label after column 1. (LOWX)
Warning[207] C:\USERS\NOELP\DOCUMENTS\GITHUB\PROYECTO 2\ASSEMBLY\PRUEBAS.X\PRUEBAPROYECTO2.ASM 133 : Found label after column 1. (HIGHY)
Warning[207] C:\USERS\NOELP\DOCUMENTS\GITHUB\PROYECTO 2\ASSEMBLY\PRUEBAS.X\PRUEBAPROYECTO2.ASM 137 : Found label after column 1. (MEDIUMY)
Warning[207] C:\USERS\NOELP\DOCUMENTS\GITHUB\PROYECTO 2\ASSEMBLY\PRUEBAS.X\PRUEBAPROYECTO2.ASM 141 : Found label after column 1. (LOWY)
Warning[207] C:\USERS\NOELP\DOCUMENTS\GITHUB\PROYECTO 2\ASSEMBLY\PRUEBAS.X\PRUEBAPROYECTO2.ASM 147 : Found label after column 1. (TRANSMISION)
Warning[207] C:\USERS\NOELP\DOCUMENTS\GITHUB\PROYECTO 2\ASSEMBLY\PRUEBAS.X\PRUEBAPROYECTO2.ASM 184 : Found label after column 1. (TABLE)
Message[305] C:\USERS\NOELP\DOCUMENTS\GITHUB\PROYECTO 2\ASSEMBLY\PRUEBAS.X\PRUEBAPROYECTO2.ASM 185 : Using default destination of 1 (file).
Warning[207] C:\USERS\NOELP\DOCUMENTS\GITHUB\PROYECTO 2\ASSEMBLY\PRUEBAS.X\PRUEBAPROYECTO2.ASM 223 : Found label after column 1. (LECTURA)
Message[305] C:\USERS\NOELP\DOCUMENTS\GITHUB\PROYECTO 2\ASSEMBLY\PRUEBAS.X\PRUEBAPROYECTO2.ASM 226 : Using default destination of 1 (file).
Message[305] C:\USERS\NOELP\DOCUMENTS\GITHUB\PROYECTO 2\ASSEMBLY\PRUEBAS.X\PRUEBAPROYECTO2.ASM 228 : Using default destination of 1 (file).
Warning[207] C:\USERS\NOELP\DOCUMENTS\GITHUB\PROYECTO 2\ASSEMBLY\PRUEBAS.X\PRUEBAPROYECTO2.ASM 376 : Found label after column 1. (SEPARAR_NIBBLE)
Warning[207] C:\USERS\NOELP\DOCUMENTS\GITHUB\PROYECTO 2\ASSEMBLY\PRUEBAS.X\PRUEBAPROYECTO2.ASM 410 : Found label after column 1. (DISPLAY)
Warning[207] C:\USERS\NOELP\DOCUMENTS\GITHUB\PROYECTO 2\ASSEMBLY\PRUEBAS.X\PRUEBAPROYECTO2.ASM 478 : Found label after column 1. (DELAY)
Warning[207] C:\USERS\NOELP\DOCUMENTS\GITHUB\PROYECTO 2\ASSEMBLY\PRUEBAS.X\PRUEBAPROYECTO2.ASM 487 : Found label after column 1. (CONFIG_IO)
Message[302] C:\USERS\NOELP\DOCUMENTS\GITHUB\PROYECTO 2\ASSEMBLY\PRUEBAS.X\PRUEBAPROYECTO2.ASM 490 : Register in operand not in bank 0.  Ensure that bank bits are correct.
Message[302] C:\USERS\NOELP\DOCUMENTS\GITHUB\PROYECTO 2\ASSEMBLY\PRUEBAS.X\PRUEBAPROYECTO2.ASM 491 : Register in operand not in bank 0.  Ensure that bank bits are correct.
Message[302] C:\USERS\NOELP\DOCUMENTS\GITHUB\PROYECTO 2\ASSEMBLY\PRUEBAS.X\PRUEBAPROYECTO2.ASM 493 : Register in operand not in bank 0.  Ensure that bank bits are correct.
Message[302] C:\USERS\NOELP\DOCUMENTS\GITHUB\PROYECTO 2\ASSEMBLY\PRUEBAS.X\PRUEBAPROYECTO2.ASM 516 : Register in operand not in bank 0.  Ensure that bank bits are correct.
Message[302] C:\USERS\NOELP\DOCUMENTS\GITHUB\PROYECTO 2\ASSEMBLY\PRUEBAS.X\PRUEBAPROYECTO2.ASM 518 : Register in operand not in bank 0.  Ensure that bank bits are correct.
Message[302] C:\USERS\NOELP\DOCUMENTS\GITHUB\PROYECTO 2\ASSEMBLY\PRUEBAS.X\PRUEBAPROYECTO2.ASM 519 : Register in operand not in bank 0.  Ensure that bank bits are correct.
Message[302] C:\USERS\NOELP\DOCUMENTS\GITHUB\PROYECTO 2\ASSEMBLY\PRUEBAS.X\PRUEBAPROYECTO2.ASM 521 : Register in operand not in bank 0.  Ensure that bank bits are correct.
Message[302] C:\USERS\NOELP\DOCUMENTS\GITHUB\PROYECTO 2\ASSEMBLY\PRUEBAS.X\PRUEBAPROYECTO2.ASM 522 : Register in operand not in bank 0.  Ensure that bank bits are correct.
Message[302] C:\USERS\NOELP\DOCUMENTS\GITHUB\PROYECTO 2\ASSEMBLY\PRUEBAS.X\PRUEBAPROYECTO2.ASM 529 : Register in operand not in bank 0.  Ensure that bank bits are correct.
Message[302] C:\USERS\NOELP\DOCUMENTS\GITHUB\PROYECTO 2\ASSEMBLY\PRUEBAS.X\PRUEBAPROYECTO2.ASM 530 : Register in operand not in bank 0.  Ensure that bank bits are correct.
Message[302] C:\USERS\NOELP\DOCUMENTS\GITHUB\PROYECTO 2\ASSEMBLY\PRUEBAS.X\PRUEBAPROYECTO2.ASM 532 : Register in operand not in bank 0.  Ensure that bank bits are correct.
Message[302] C:\USERS\NOELP\DOCUMENTS\GITHUB\PROYECTO 2\ASSEMBLY\PRUEBAS.X\PRUEBAPROYECTO2.ASM 533 : Register in operand not in bank 0.  Ensure that bank bits are correct.
Message[302] C:\USERS\NOELP\DOCUMENTS\GITHUB\PROYECTO 2\ASSEMBLY\PRUEBAS.X\PRUEBAPROYECTO2.ASM 534 : Register in operand not in bank 0.  Ensure that bank bits are correct.
Message[302] C:\USERS\NOELP\DOCUMENTS\GITHUB\PROYECTO 2\ASSEMBLY\PRUEBAS.X\PRUEBAPROYECTO2.ASM 535 : Register in operand not in bank 0.  Ensure that bank bits are correct.
Message[302] C:\USERS\NOELP\DOCUMENTS\GITHUB\PROYECTO 2\ASSEMBLY\PRUEBAS.X\PRUEBAPROYECTO2.ASM 537 : Register in operand not in bank 0.  Ensure that bank bits are correct.
Warning[207] C:\USERS\NOELP\DOCUMENTS\GITHUB\PROYECTO 2\ASSEMBLY\PRUEBAS.X\PRUEBAPROYECTO2.ASM 545 : Found label after column 1. (CONFIG_INTERRUPT)
Message[302] C:\USERS\NOELP\DOCUMENTS\GITHUB\PROYECTO 2\ASSEMBLY\PRUEBAS.X\PRUEBAPROYECTO2.ASM 548 : Register in operand not in bank 0.  Ensure that bank bits are correct.
Message[302] C:\USERS\NOELP\DOCUMENTS\GITHUB\PROYECTO 2\ASSEMBLY\PRUEBAS.X\PRUEBAPROYECTO2.ASM 549 : Register in operand not in bank 0.  Ensure that bank bits are correct.
