MPASM 5.77                     PRINCIPAL.ASM   10-12-2020  10:29:11         PAGE  1


LOC  OBJECT CODE     LINE SOURCE TEXT
  VALUE

                      00001  
                      00002     ;*******************************************************************************
                      00003 ;
                      00004 ;   Filename:       Etch_a_sketch -> Principal.asm
                      00005 ;   Date:                   8/10/2020
                      00006 ;   File Version:           v.1
                      00007 ;   Author:                 Noel Prado
                      00008 ;   Company:        UVG
                      00009 ;   Description:            Proyecto 2 etch a sketch
                      00010 ;
                      00011 ;*******************************************************************************  
                      00012 
                      00013     #include "p16f887.inc"
                      00001         LIST
                      00002 
                      00003 ;==========================================================================
                      00004 ; Build date : Nov 22 2017
                      00005 ;  MPASM PIC16F887 processor include
                      00006 ; 
                      00007 ;  (c) Copyright 1999-2017 Microchip Technology, All rights reserved
                      00008 ;==========================================================================
                      00009 
                      00810         LIST
                      00014 
                      00015 ; CONFIG1
                      00016 ; __config 0xE0D5
2007   20D4           00017     __CONFIG _CONFIG1, _FOSC_INTRC_NOCLKOUT & _WDTE_OFF & _PWRTE_OFF & _MCLRE_OFF & _CP_OFF & _CPD_OFF &
                             _BOREN_OFF & _IESO_OFF & _FCMEN_OFF & _LVP_OFF
                      00018 ; CONFIG2
                      00019 ; __config 0xFFFF
2008   3FFF           00020     __CONFIG _CONFIG2, _BOR4V_BOR40V & _WRT_OFF
                      00021     
Warning[207]: Found label after column 1. (GPR_VAR)
                      00022     GPR_VAR         UDATA
0000                  00023 DEL         RES 1
0001                  00024 NIBBLE_H            RES 1
0002                  00025 NIBBLE_L            RES 1
0003                  00026 BANDERAS    RES 1
0004                  00027 STATUS_TEMP RES 1
Warning[207]: Found label after column 1. (W_TEMP)
0005                  00028  W_TEMP     RES 1
0006                  00029 NIBBLE_L2   RES 1
0007                  00030 NIBBLE_H2   RES 1
0008                  00031 VAR_GENERAL1    RES 1
0009                  00032 VAR_GENERAL2    RES 1
                      00033 
                      00034 RES_VECT  CODE    0x0000            ; processor reset vector
0000   2???           00035     GOTO    START                   ; go to beginning of program
                      00036     
                      00037        
                      00038 ISR_VECT    CODE 0X0004
                      00039     
0004                  00040 PUSH:
MPASM 5.77                     PRINCIPAL.ASM   10-12-2020  10:29:11         PAGE  2


LOC  OBJECT CODE     LINE SOURCE TEXT
  VALUE

0004   00??           00041     MOVWF           W_TEMP
0005   0E03           00042     SWAPF          STATUS, W
0006   00??           00043     MOVWF          STATUS_TEMP 
                      00044 
0007                  00045 ISR:
                      00046     
0007   130C           00047     BCF PIR1, ADIF
0008   1283 1303      00048     BANKSEL ADRESH           
000A   081E           00049     MOVF ADRESH,W               ;GUARDAR 8 BITS EN RESULTHI
000B   00??           00050     MOVWF VAR_GENERAL1
                      00051     
000C                  00052 POP:
000C   0E??           00053     SWAPF           STATUS_TEMP, W
000D   0083           00054     MOVWF           STATUS
000E   0E??           00055     SWAPF           W_TEMP, F
000F   0E??           00056     SWAPF           W_TEMP, W
0010   178B           00057     BSF     INTCON, GIE
                      00058   
0011   0009           00059     RETFIE
                      00060 
Warning[207]: Found label after column 1. (TABLE)
0012                  00061  TABLE
Message[305]: Using default destination of 1 (file).
0012   058F           00062     ANDWF   B'00001111'; LIMITANDO DE 0 A F
0013   0782           00063     ADDWF   PCL, F
                      00064     ;     PBAFGECD
0014   3477           00065     RETLW   B'01110111' ;0
0015   3442           00066     RETLW   B'01000010' ;1
0016   346D           00067     RETLW   B'01101101' ;2
0017   346B           00068     RETLW   B'01101011' ;3
0018   345A           00069     RETLW   B'01011010' ;4
0019   343B           00070     RETLW   B'00111011' ;5
001A   343F           00071     RETLW   B'00111111' ;6
001B   3462           00072     RETLW   B'01100010' ;7
001C   347F           00073     RETLW   B'01111111' ;8
001D   347A           00074     RETLW   B'01111010' ;9
001E   347E           00075     RETLW   B'01111110' ;A
001F   341F           00076     RETLW   B'00011111' ;B
0020   3435           00077     RETLW   B'00110101' ;C
0021   344F           00078     RETLW   B'01001111' ;D
0022   343D           00079     RETLW   B'00111101' ;E
0023   343C           00080     RETLW   B'00111100' ;F
0024   0008           00081     RETURN
                      00082 
                      00083 MAIN_PROG CODE                      ; let linker place main program
                      00084  
0000                  00085 START
                      00086  
Warning[203]: Found opcode in column 1. (CALL)
0000   2???           00087 CALL    CONFIG_IO   
Warning[203]: Found opcode in column 1. (CALL)
0001   2???           00088 CALL    CONFIG_INTERRUPT
                      00089  
MPASM 5.77                     PRINCIPAL.ASM   10-12-2020  10:29:11         PAGE  3


LOC  OBJECT CODE     LINE SOURCE TEXT
  VALUE

0002                  00090 LOOP:
                      00091     
0002   2???           00092     CALL    DELAY    
0003   1C9F           00093     BTFSS   ADCON0, GO
0004   149F           00094     BSF ADCON0,GO               ;INICIAR LA CONVERSION
                      00095     
0005   08??           00096    MOVF     VAR_GENERAL1, W
0006   1A0C           00097    BTFSC            PIR1, TXIF
0007   1283 1303      00098    BANKSEL  PORTA
0009   0099           00099    MOVWF    TXREG
                      00100   
000A   2???           00101    CALL SEPARAR_NIBBLE
000B   2???           00102    CALL DISPLAY
                      00103    
                      00104 
000C   2???           00105     GOTO $                          ; loop forever
                      00106     
                      00107     
                      00108         
                      00109 ;***********************************************************SUBRUTINAS* ********************************
                            *********************************
                      00110     
Warning[207]: Found label after column 1. (SEPARAR_NIBBLE)
000D                  00111         SEPARAR_NIBBLE
000D   08??           00112     MOVF    VAR_GENERAL1, W
000E   390F           00113     ANDLW   B'00001111'
000F   00??           00114     MOVWF   NIBBLE_L
0010   0E??           00115     SWAPF   VAR_GENERAL1, W
0011   390F           00116     ANDLW   B'00001111'
0012   00??           00117     MOVWF   NIBBLE_H
                      00118 
0013   08??           00119     MOVF    VAR_GENERAL2, W
0014   390F           00120     ANDLW   B'00001111'
0015   00??           00121     MOVWF   NIBBLE_L2
0016   0E??           00122     SWAPF   VAR_GENERAL2, W
0017   390F           00123     ANDLW   B'00001111'
0018   00??           00124     MOVWF   NIBBLE_H2
                      00125    
0019   0008           00126     RETURN
                      00127     
                      00128     ;SE UTILIZA PARA VER QUE DISPLAY SE PRENDERA, VARIANDO VALOR DE BANDERAS CONTINUAMENTE 
001A                  00129 TOGGLE_B0
001A   0A??           00130     INCF   BANDERAS, F
001B   3004           00131     MOVLW    .4
001C   02??           00132     SUBWF    BANDERAS, W
001D   1903           00133     BTFSC    STATUS, Z 
001E   01??           00134     CLRF        BANDERAS
001F   0008           00135     RETURN   
                      00136     
Warning[207]: Found label after column 1. (DISPLAY)
0020                  00137       DISPLAY       
0020   0188           00138     CLRF    PORTD
0021   3000           00139     MOVLW   .0
MPASM 5.77                     PRINCIPAL.ASM   10-12-2020  10:29:11         PAGE  4


LOC  OBJECT CODE     LINE SOURCE TEXT
  VALUE

0022   02??           00140     SUBWF   BANDERAS,W
0023   1903           00141     BTFSC   STATUS, Z
0024   2???           00142     GOTO    DISPLAY_0
0025   3001           00143     MOVLW   .1
0026   02??           00144     SUBWF   BANDERAS, W
0027   1903           00145     BTFSC   STATUS, Z 
0028   2???           00146     GOTO DISPLAY_1
0029   3002           00147     MOVLW   .2
002A   02??           00148     SUBWF   BANDERAS,W
002B   1903           00149     BTFSC   STATUS, Z
002C   2???           00150     GOTO    DISPLAY_2
002D   3003           00151     MOVLW   .3
002E   02??           00152     SUBWF   BANDERAS, W
002F   1903           00153     BTFSC   STATUS, Z 
0030   2???           00154     GOTO  DISPLAY_3
                      00155     
0031                  00156 DISPLAY_0:
0031   08??           00157     MOVF  NIBBLE_L, W
0032   2???           00158     CALL          TABLE
0033   0087           00159     MOVWF   PORTC
0034   1408           00160     BSF     PORTD, RD0
0035   2???           00161     GOTO         FIN_DISPLAY
0036                  00162 DISPLAY_1:
0036   08??           00163     MOVF    NIBBLE_H, W 
0037   2???           00164     CALL    TABLE
0038   0087           00165     MOVWF   PORTC
0039   1488           00166     BSF     PORTD, RD1
003A   2???           00167     GOTO         FIN_DISPLAY
003B                  00168 DISPLAY_2:
003B   08??           00169     MOVF    NIBBLE_L2, W
003C   2???           00170     CALL        TABLE
003D   0087           00171     MOVWF   PORTC
003E   1508           00172     BSF PORTD, RD2
003F   2???           00173     GOTO    FIN_DISPLAY  
0040                  00174 DISPLAY_3:
0040   08??           00175     MOVF    NIBBLE_H2, W
0041   2???           00176     CALL        TABLE
0042   0087           00177     MOVWF   PORTC
0043   1588           00178     BSF PORTD, RD3
0044   2???           00179     GOTO         FIN_DISPLAY
0045                  00180 FIN_DISPLAY:
0045   2???           00181     CALL    TOGGLE_B0
0046   0008           00182     RETURN
                      00183     
                      00184     
Warning[207]: Found label after column 1. (DELAY)
0047                  00185     DELAY
0047   30FF           00186     MOVLW   .255
0048   00??           00187     MOVWF   DEL
0049   0B??           00188     DECFSZ  DEL, F
004A   2???           00189     GOTO    $-1
004B   0008           00190     RETURN
                      00191 
MPASM 5.77                     PRINCIPAL.ASM   10-12-2020  10:29:11         PAGE  5


LOC  OBJECT CODE     LINE SOURCE TEXT
  VALUE

                      00192     
                      00193 ;***************************************************CONFIGURACIONES ************************************
                            *****************************
Warning[207]: Found label after column 1. (CONFIG_IO)
004C                  00194     CONFIG_IO
                      00195   
004C   1683 1303      00196     BANKSEL     TRISA
Message[302]: Register in operand not in bank 0.  Ensure that bank bits are correct.
004E   0186           00197     CLRF                TRISB
Message[302]: Register in operand not in bank 0.  Ensure that bank bits are correct.
004F   0188           00198     CLRF                TRISD
Message[302]: Register in operand not in bank 0.  Ensure that bank bits are correct.
0050   0187           00199     CLRF                TRISC
                      00200     
0051   1283 1303      00201     BANKSEL     PORTA
0053   0185           00202     CLRF                PORTA
0054   0187           00203     CLRF                PORTC
0055   0188           00204     CLRF                PORTD
0056   0186           00205     CLRF                PORTB
0057   01??           00206     CLRF                NIBBLE_H
0058   01??           00207     CLRF                NIBBLE_L
                      00208 
0059   1683 1303      00209     BANKSEL ADCON1
005B   3000           00210     MOVLW B'00000000' ; JUSTIFICADO A LA IZQUIERDA
Message[302]: Register in operand not in bank 0.  Ensure that bank bits are correct.
005C   009F           00211     MOVWF ADCON1           ; VDD COMO REFER ENCIA
005D   1683 1303      00212     BANKSEL TRISA
Message[302]: Register in operand not in bank 0.  Ensure that bank bits are correct.
005F   1405           00213     BSF TRISA, 0
0060   1683 1703      00214     BANKSEL ANSEL
Message[302]: Register in operand not in bank 0.  Ensure that bank bits are correct.
0062   1408           00215     BSF ANSEL, 0
0063   1283 1303      00216     BANKSEL ADCON0
0065   3041           00217     MOVLW B'01000001'   ;FOSC/8
0066   009F           00218     MOVWF ADCON0                ;AN0, On
                      00219     
0067   1683 1303      00220     BANKSEL TRISA
0069   30CF           00221     MOVLW   .207
Message[302]: Register in operand not in bank 0.  Ensure that bank bits are correct.
006A   0099           00222     MOVWF    SPBRG
Message[302]: Register in operand not in bank 0.  Ensure that bank bits are correct.
006B   019A           00223     CLRF    SPBRGH  
                      00224 
Message[302]: Register in operand not in bank 0.  Ensure that bank bits are correct.
006C   1118           00225     BCF TXSTA, BRGH ; LOW SPEED DE BAUDIOS
Message[302]: Register in operand not in bank 0.  Ensure that bank bits are correct.
006D   1218           00226     BCF TXSTA, SYNC;MODO ASINCRONO
Message[302]: Register in operand not in bank 0.  Ensure that bank bits are correct.
006E   1698           00227     BSF TXSTA, TXEN; SE HABILITA LA TRANSMISION
Message[302]: Register in operand not in bank 0.  Ensure that bank bits are correct.
006F   1318           00228     BCF TXSTA, TX9 ; SOLO 8 BITS
0070   1683 1703      00229     BANKSEL BAUDCTL
Message[302]: Register in operand not in bank 0.  Ensure that bank bits are correct.
MPASM 5.77                     PRINCIPAL.ASM   10-12-2020  10:29:11         PAGE  6


LOC  OBJECT CODE     LINE SOURCE TEXT
  VALUE

0072   1187           00230     BCF BAUDCTL, BRG16 ;SE USAN 8 BITS
                      00231     
0073   1283 1303      00232     BANKSEL PORTA
0075   1798           00233     BSF RCSTA, SPEN ;PARA QUE LA SALIDA SEA EN TX   
                      00234     
0076   0008           00235     RETURN
                      00236     
                      00237     
Warning[207]: Found label after column 1. (CONFIG_INTERRUPT)
0077                  00238      CONFIG_INTERRUPT
                      00239     
0077   1683 1303      00240     BANKSEL     TRISA
Message[302]: Register in operand not in bank 0.  Ensure that bank bits are correct.
0079   170C           00241     BSF         PIE1, ADIE
007A   1283 1303      00242     BANKSEL     PORTA
007C   178B           00243     BSF         INTCON, GIE
007D   170B           00244     BSF         INTCON, PEIE
007E   130C           00245     BCF         PIR1, ADIF
                      00246 
007F   0008           00247     RETURN
                      00248 
20D4 3FFF             00249     END
MPASM 5.77                     PRINCIPAL.ASM   10-12-2020  10:29:11         PAGE  7


SYMBOL TABLE
  LABEL                             VALUE 

ABDEN                             00000000
ABDOVF                            00000007
ACKDT                             00000005
ACKEN                             00000004
ACKSTAT                           00000006
ADCON0                            0000001F
ADCON1                            0000009F
ADCS0                             00000006
ADCS1                             00000007
ADDEN                             00000003
ADFM                              00000007
ADIE                              00000006
ADIF                              00000006
ADON                              00000000
ADRESH                            0000001E
ADRESL                            0000009E
ANS0                              00000000
ANS1                              00000001
ANS10                             00000002
ANS11                             00000003
ANS12                             00000004
ANS13                             00000005
ANS2                              00000002
ANS3                              00000003
ANS4                              00000004
ANS5                              00000005
ANS6                              00000006
ANS7                              00000007
ANS8                              00000000
ANS9                              00000001
ANSEL                             00000188
ANSELH                            00000189
BANDERAS                          00000003
BAUDCTL                           00000187
BCLIE                             00000003
BCLIF                             00000003
BF                                00000000
BRG0                              00000000
BRG1                              00000001
BRG10                             00000002
BRG11                             00000003
BRG12                             00000004
BRG13                             00000005
BRG14                             00000006
BRG15                             00000007
BRG16                             00000003
BRG2                              00000002
BRG3                              00000003
BRG4                              00000004
BRG5                              00000005
BRG6                              00000006
BRG7                              00000007
BRG8                              00000000
MPASM 5.77                     PRINCIPAL.ASM   10-12-2020  10:29:11         PAGE  8


SYMBOL TABLE
  LABEL                             VALUE 

BRG9                              00000001
BRGH                              00000002
C                                 00000000
C1CH0                             00000000
C1CH1                             00000001
C1IE                              00000005
C1IF                              00000005
C1OE                              00000005
C1ON                              00000007
C1OUT                             00000006
C1POL                             00000004
C1R                               00000002
C1RSEL                            00000005
C1SEN                             00000005
C2CH0                             00000000
C2CH1                             00000001
C2IE                              00000006
C2IF                              00000006
C2OE                              00000005
C2ON                              00000007
C2OUT                             00000006
C2POL                             00000004
C2R                               00000002
C2REN                             00000004
C2RSEL                            00000004
C2SYNC                            00000000
CCP1CON                           00000017
CCP1IE                            00000002
CCP1IF                            00000002
CCP1M0                            00000000
CCP1M1                            00000001
CCP1M2                            00000002
CCP1M3                            00000003
CCP1X                             00000005
CCP1Y                             00000004
CCP2CON                           0000001D
CCP2IE                            00000000
CCP2IF                            00000000
CCP2M0                            00000000
CCP2M1                            00000001
CCP2M2                            00000002
CCP2M3                            00000003
CCP2X                             00000005
CCP2Y                             00000004
CCPR1                             00000015
CCPR1H                            00000016
CCPR1L                            00000015
CCPR2                             0000001B
CCPR2H                            0000001C
CCPR2L                            0000001B
CHS0                              00000002
CHS1                              00000003
CHS2                              00000004
MPASM 5.77                     PRINCIPAL.ASM   10-12-2020  10:29:11         PAGE  9


SYMBOL TABLE
  LABEL                             VALUE 

CHS3                              00000005
CKE                               00000006
CKP                               00000004
CM1CON0                           00000107
CM2CON0                           00000108
CM2CON1                           00000109
CONFIG_INTERRUPT                  00000077
CONFIG_IO                         0000004C
CREN                              00000004
CSRC                              00000007
D                                 00000005
DATA_ADDRESS                      00000005
DC                                00000001
DC1B0                             00000004
DC1B1                             00000005
DC2B0                             00000004
DC2B1                             00000005
DEL                               00000000
DELAY                             00000047
DISPLAY                           00000020
DISPLAY_0                         00000031
DISPLAY_1                         00000036
DISPLAY_2                         0000003B
DISPLAY_3                         00000040
D_A                               00000005
D_NOT_A                           00000005
ECCPAS                            0000009C
ECCPAS0                           00000004
ECCPAS1                           00000005
ECCPAS2                           00000006
ECCPASE                           00000007
EEADR                             0000010D
EEADRH                            0000010F
EECON1                            0000018C
EECON2                            0000018D
EEDAT                             0000010C
EEDATA                            0000010C
EEDATH                            0000010E
EEIE                              00000004
EEIF                              00000004
EEPGD                             00000007
F                                 00000001
FERR                              00000002
FIN_DISPLAY                       00000045
FSR                               00000004
FVREN                             00000000
GCEN                              00000007
GIE                               00000007
GO                                00000001
GO_DONE                           00000001
GO_NOT_DONE                       00000001
HTS                               00000002
I2C_DATA                          00000005
MPASM 5.77                     PRINCIPAL.ASM   10-12-2020  10:29:11         PAGE 10


SYMBOL TABLE
  LABEL                             VALUE 

I2C_READ                          00000002
I2C_START                         00000003
I2C_STOP                          00000004
INDF                              00000000
INTCON                            0000000B
INTE                              00000004
INTEDG                            00000006
INTF                              00000001
IOCB                              00000096
IOCB0                             00000000
IOCB1                             00000001
IOCB2                             00000002
IOCB3                             00000003
IOCB4                             00000004
IOCB5                             00000005
IOCB6                             00000006
IOCB7                             00000007
IRCF0                             00000004
IRCF1                             00000005
IRCF2                             00000006
IRP                               00000007
ISR                               00000007
LOOP                              00000002
LTS                               00000001
MC1OUT                            00000007
MC2OUT                            00000006
MSK                               00000093
MSK0                              00000000
MSK1                              00000001
MSK2                              00000002
MSK3                              00000003
MSK4                              00000004
MSK5                              00000005
MSK6                              00000006
MSK7                              00000007
NIBBLE_H                          00000001
NIBBLE_H2                         00000007
NIBBLE_L                          00000002
NIBBLE_L2                         00000006
NOT_A                             00000005
NOT_ADDRESS                       00000005
NOT_BO                            00000000
NOT_BOR                           00000000
NOT_DONE                          00000001
NOT_PD                            00000003
NOT_POR                           00000001
NOT_RBPU                          00000007
NOT_RC8                           00000006
NOT_T1SYNC                        00000002
NOT_TO                            00000004
NOT_TX8                           00000006
NOT_W                             00000002
NOT_WRITE                         00000002
MPASM 5.77                     PRINCIPAL.ASM   10-12-2020  10:29:11         PAGE 11


SYMBOL TABLE
  LABEL                             VALUE 

OERR                              00000001
OPTION_REG                        00000081
OSCCON                            0000008F
OSCTUNE                           00000090
OSFIE                             00000007
OSFIF                             00000007
OSTS                              00000003
P                                 00000004
P1M0                              00000006
P1M1                              00000007
PCL                               00000002
PCLATH                            0000000A
PCON                              0000008E
PDC0                              00000000
PDC1                              00000001
PDC2                              00000002
PDC3                              00000003
PDC4                              00000004
PDC5                              00000005
PDC6                              00000006
PEIE                              00000006
PEN                               00000002
PIE1                              0000008C
PIE2                              0000008D
PIR1                              0000000C
PIR2                              0000000D
POP                               0000000C
PORTA                             00000005
PORTB                             00000006
PORTC                             00000007
PORTD                             00000008
PORTE                             00000009
PR2                               00000092
PRSEN                             00000007
PS0                               00000000
PS1                               00000001
PS2                               00000002
PSA                               00000003
PSSAC0                            00000002
PSSAC1                            00000003
PSSBD0                            00000000
PSSBD1                            00000001
PSTRCON                           0000009D
PULSR                             00000002
PULSS                             00000003
PUSH                              00000004
PWM1CON                           0000009B
R                                 00000002
RA0                               00000000
RA1                               00000001
RA2                               00000002
RA3                               00000003
RA4                               00000004
MPASM 5.77                     PRINCIPAL.ASM   10-12-2020  10:29:11         PAGE 12


SYMBOL TABLE
  LABEL                             VALUE 

RA5                               00000005
RA6                               00000006
RA7                               00000007
RB0                               00000000
RB1                               00000001
RB2                               00000002
RB3                               00000003
RB4                               00000004
RB5                               00000005
RB6                               00000006
RB7                               00000007
RBIE                              00000003
RBIF                              00000000
RC0                               00000000
RC1                               00000001
RC2                               00000002
RC3                               00000003
RC4                               00000004
RC5                               00000005
RC6                               00000006
RC7                               00000007
RC8_9                             00000006
RC9                               00000006
RCD8                              00000000
RCEN                              00000003
RCIDL                             00000006
RCIE                              00000005
RCIF                              00000005
RCREG                             0000001A
RCSTA                             00000018
RD                                00000000
RD0                               00000000
RD1                               00000001
RD2                               00000002
RD3                               00000003
RD4                               00000004
RD5                               00000005
RD6                               00000006
RD7                               00000007
RE0                               00000000
RE1                               00000001
RE2                               00000002
RE3                               00000003
READ_WRITE                        00000002
RP0                               00000005
RP1                               00000006
RSEN                              00000001
RX9                               00000006
RX9D                              00000000
R_NOT_W                           00000002
R_W                               00000002
S                                 00000003
SBOREN                            00000004
MPASM 5.77                     PRINCIPAL.ASM   10-12-2020  10:29:11         PAGE 13


SYMBOL TABLE
  LABEL                             VALUE 

SCKP                              00000004
SCS                               00000000
SEN                               00000000
SENDB                             00000003
SEPARAR_NIBBLE                    0000000D
SMP                               00000007
SPBRG                             00000099
SPBRGH                            0000009A
SPEN                              00000007
SR0                               00000006
SR1                               00000007
SRCON                             00000185
SREN                              00000005
SSPADD                            00000093
SSPBUF                            00000013
SSPCON                            00000014
SSPCON2                           00000091
SSPEN                             00000005
SSPIE                             00000003
SSPIF                             00000003
SSPM0                             00000000
SSPM1                             00000001
SSPM2                             00000002
SSPM3                             00000003
SSPMSK                            00000093
SSPOV                             00000006
SSPSTAT                           00000094
START                             00000000
STATUS                            00000003
STATUS_TEMP                       00000004
STRA                              00000000
STRB                              00000001
STRC                              00000002
STRD                              00000003
STRSYNC                           00000004
SWDTEN                            00000000
SYNC                              00000004
T0CS                              00000005
T0IE                              00000005
T0IF                              00000002
T0SE                              00000004
T1CKPS0                           00000004
T1CKPS1                           00000005
T1CON                             00000010
T1GINV                            00000007
T1GIV                             00000007
T1GSS                             00000001
T1INSYNC                          00000002
T1OSCEN                           00000003
T1SYNC                            00000002
T2CKPS0                           00000000
T2CKPS1                           00000001
T2CON                             00000012
MPASM 5.77                     PRINCIPAL.ASM   10-12-2020  10:29:11         PAGE 14


SYMBOL TABLE
  LABEL                             VALUE 

TABLE                             00000012
TMR0                              00000001
TMR0IE                            00000005
TMR0IF                            00000002
TMR1                              0000000E
TMR1CS                            00000001
TMR1GE                            00000006
TMR1H                             0000000F
TMR1IE                            00000000
TMR1IF                            00000000
TMR1L                             0000000E
TMR1ON                            00000000
TMR2                              00000011
TMR2IE                            00000001
TMR2IF                            00000001
TMR2ON                            00000002
TOGGLE_B0                         0000001A
TOUTPS0                           00000003
TOUTPS1                           00000004
TOUTPS2                           00000005
TOUTPS3                           00000006
TRISA                             00000085
TRISA0                            00000000
TRISA1                            00000001
TRISA2                            00000002
TRISA3                            00000003
TRISA4                            00000004
TRISA5                            00000005
TRISA6                            00000006
TRISA7                            00000007
TRISB                             00000086
TRISB0                            00000000
TRISB1                            00000001
TRISB2                            00000002
TRISB3                            00000003
TRISB4                            00000004
TRISB5                            00000005
TRISB6                            00000006
TRISB7                            00000007
TRISC                             00000087
TRISC0                            00000000
TRISC1                            00000001
TRISC2                            00000002
TRISC3                            00000003
TRISC4                            00000004
TRISC5                            00000005
TRISC6                            00000006
TRISC7                            00000007
TRISD                             00000088
TRISD0                            00000000
TRISD1                            00000001
TRISD2                            00000002
TRISD3                            00000003
MPASM 5.77                     PRINCIPAL.ASM   10-12-2020  10:29:11         PAGE 15


SYMBOL TABLE
  LABEL                             VALUE 

TRISD4                            00000004
TRISD5                            00000005
TRISD6                            00000006
TRISD7                            00000007
TRISE                             00000089
TRISE0                            00000000
TRISE1                            00000001
TRISE2                            00000002
TRISE3                            00000003
TRMT                              00000001
TUN0                              00000000
TUN1                              00000001
TUN2                              00000002
TUN3                              00000003
TUN4                              00000004
TX8_9                             00000006
TX9                               00000006
TX9D                              00000000
TXD8                              00000000
TXEN                              00000005
TXIE                              00000004
TXIF                              00000004
TXREG                             00000019
TXSTA                             00000098
UA                                00000001
ULPWUE                            00000005
ULPWUIE                           00000002
ULPWUIF                           00000002
VAR_GENERAL1                      00000008
VAR_GENERAL2                      00000009
VCFG0                             00000004
VCFG1                             00000005
VR0                               00000000
VR1                               00000001
VR2                               00000002
VR3                               00000003
VRCON                             00000097
VREN                              00000007
VROE                              00000006
VRR                               00000005
VRSS                              00000004
W                                 00000000
WCOL                              00000007
WDTCON                            00000105
WDTPS0                            00000001
WDTPS1                            00000002
WDTPS2                            00000003
WDTPS3                            00000004
WPUB                              00000095
WPUB0                             00000000
WPUB1                             00000001
WPUB2                             00000002
WPUB3                             00000003
MPASM 5.77                     PRINCIPAL.ASM   10-12-2020  10:29:11         PAGE 16


SYMBOL TABLE
  LABEL                             VALUE 

WPUB4                             00000004
WPUB5                             00000005
WPUB6                             00000006
WPUB7                             00000007
WR                                00000001
WREN                              00000002
WRERR                             00000003
WUE                               00000001
W_TEMP                            00000005
Z                                 00000002
_BOR21V                           00003EFF
_BOR40V                           00003FFF
_BOR4V_BOR21V                     00003EFF
_BOR4V_BOR40V                     00003FFF
_BOREN_NSLEEP                     00003EFF
_BOREN_OFF                        00003CFF
_BOREN_ON                         00003FFF
_BOREN_SBODEN                     00003DFF
_BOR_NSLEEP                       00003EFF
_BOR_OFF                          00003CFF
_BOR_ON                           00003FFF
_BOR_SBODEN                       00003DFF
_CONFIG1                          00002007
_CONFIG2                          00002008
_CPD_OFF                          00003FFF
_CPD_ON                           00003F7F
_CP_OFF                           00003FFF
_CP_ON                            00003FBF
_DEBUG_OFF                        00003FFF
_DEBUG_ON                         00001FFF
_DEVID1                           00002006
_EC_OSC                           00003FFB
_EXTRC                            00003FFF
_EXTRCIO                          00003FFE
_EXTRC_OSC_CLKOUT                 00003FFF
_EXTRC_OSC_NOCLKOUT               00003FFE
_FCMEN_OFF                        000037FF
_FCMEN_ON                         00003FFF
_FOSC_EC                          00003FFB
_FOSC_EXTRC_CLKOUT                00003FFF
_FOSC_EXTRC_NOCLKOUT              00003FFE
_FOSC_HS                          00003FFA
_FOSC_INTRC_CLKOUT                00003FFD
_FOSC_INTRC_NOCLKOUT              00003FFC
_FOSC_LP                          00003FF8
_FOSC_XT                          00003FF9
_HS_OSC                           00003FFA
_IDLOC0                           00002000
_IDLOC1                           00002001
_IDLOC2                           00002002
_IDLOC3                           00002003
_IESO_OFF                         00003BFF
_IESO_ON                          00003FFF
MPASM 5.77                     PRINCIPAL.ASM   10-12-2020  10:29:11         PAGE 17


SYMBOL TABLE
  LABEL                             VALUE 

_INTOSC                           00003FFD
_INTOSCIO                         00003FFC
_INTRC_OSC_CLKOUT                 00003FFD
_INTRC_OSC_NOCLKOUT               00003FFC
_LP_OSC                           00003FF8
_LVP_OFF                          00002FFF
_LVP_ON                           00003FFF
_MAIN_PROG_000C                   0000000C
_MAIN_PROG_004A                   0000004A
_MCLRE_OFF                        00003FDF
_MCLRE_ON                         00003FFF
_PWRTE_OFF                        00003FFF
_PWRTE_ON                         00003FEF
_WDTE_OFF                         00003FF7
_WDTE_ON                          00003FFF
_WDT_OFF                          00003FF7
_WDT_ON                           00003FFF
_WRT_1FOURTH                      00003BFF
_WRT_256                          00003DFF
_WRT_HALF                         000039FF
_WRT_OFF                          00003FFF
_XT_OSC                           00003FF9
__16F887                          00000001

Errors   :     0
Warnings :    10 reported,     0 suppressed
Messages :    15 reported,     0 suppressed

