Warning[207] C:\USERS\NOELP\DOCUMENTS\GITHUB\PROYECTO 2\ASSEMBLY\ETCH A SKETCH.X\PRINCIPAL.ASM 22 : Found label after column 1. (GPR_VAR)
Warning[207] C:\USERS\NOELP\DOCUMENTS\GITHUB\PROYECTO 2\ASSEMBLY\ETCH A SKETCH.X\PRINCIPAL.ASM 28 : Found label after column 1. (W_TEMP)
Warning[207] C:\USERS\NOELP\DOCUMENTS\GITHUB\PROYECTO 2\ASSEMBLY\ETCH A SKETCH.X\PRINCIPAL.ASM 31 : Found label after column 1. (NIBBLE_L3)
Warning[207] C:\USERS\NOELP\DOCUMENTS\GITHUB\PROYECTO 2\ASSEMBLY\ETCH A SKETCH.X\PRINCIPAL.ASM 93 : Found label after column 1. (TABLE)
Message[305] C:\USERS\NOELP\DOCUMENTS\GITHUB\PROYECTO 2\ASSEMBLY\ETCH A SKETCH.X\PRINCIPAL.ASM 94 : Using default destination of 1 (file).
Message[305] C:\USERS\NOELP\DOCUMENTS\GITHUB\PROYECTO 2\ASSEMBLY\ETCH A SKETCH.X\PRINCIPAL.ASM 136 : Using default destination of 1 (file).
Message[305] C:\USERS\NOELP\DOCUMENTS\GITHUB\PROYECTO 2\ASSEMBLY\ETCH A SKETCH.X\PRINCIPAL.ASM 146 : Using default destination of 1 (file).
Message[305] C:\USERS\NOELP\DOCUMENTS\GITHUB\PROYECTO 2\ASSEMBLY\ETCH A SKETCH.X\PRINCIPAL.ASM 156 : Using default destination of 1 (file).
Message[305] C:\USERS\NOELP\DOCUMENTS\GITHUB\PROYECTO 2\ASSEMBLY\ETCH A SKETCH.X\PRINCIPAL.ASM 167 : Using default destination of 1 (file).
Message[305] C:\USERS\NOELP\DOCUMENTS\GITHUB\PROYECTO 2\ASSEMBLY\ETCH A SKETCH.X\PRINCIPAL.ASM 177 : Using default destination of 1 (file).
Message[305] C:\USERS\NOELP\DOCUMENTS\GITHUB\PROYECTO 2\ASSEMBLY\ETCH A SKETCH.X\PRINCIPAL.ASM 187 : Using default destination of 1 (file).
Warning[207] C:\USERS\NOELP\DOCUMENTS\GITHUB\PROYECTO 2\ASSEMBLY\ETCH A SKETCH.X\PRINCIPAL.ASM 244 : Found label after column 1. (SEPARAR_NIBBLE)
Warning[207] C:\USERS\NOELP\DOCUMENTS\GITHUB\PROYECTO 2\ASSEMBLY\ETCH A SKETCH.X\PRINCIPAL.ASM 277 : Found label after column 1. (DISPLAY)
Warning[207] C:\USERS\NOELP\DOCUMENTS\GITHUB\PROYECTO 2\ASSEMBLY\ETCH A SKETCH.X\PRINCIPAL.ASM 345 : Found label after column 1. (DELAY)
Warning[207] C:\USERS\NOELP\DOCUMENTS\GITHUB\PROYECTO 2\ASSEMBLY\ETCH A SKETCH.X\PRINCIPAL.ASM 354 : Found label after column 1. (CONFIG_IO)
Message[302] C:\USERS\NOELP\DOCUMENTS\GITHUB\PROYECTO 2\ASSEMBLY\ETCH A SKETCH.X\PRINCIPAL.ASM 357 : Register in operand not in bank 0.  Ensure that bank bits are correct.
Message[302] C:\USERS\NOELP\DOCUMENTS\GITHUB\PROYECTO 2\ASSEMBLY\ETCH A SKETCH.X\PRINCIPAL.ASM 358 : Register in operand not in bank 0.  Ensure that bank bits are correct.
Message[302] C:\USERS\NOELP\DOCUMENTS\GITHUB\PROYECTO 2\ASSEMBLY\ETCH A SKETCH.X\PRINCIPAL.ASM 359 : Register in operand not in bank 0.  Ensure that bank bits are correct.
Message[302] C:\USERS\NOELP\DOCUMENTS\GITHUB\PROYECTO 2\ASSEMBLY\ETCH A SKETCH.X\PRINCIPAL.ASM 377 : Register in operand not in bank 0.  Ensure that bank bits are correct.
Message[302] C:\USERS\NOELP\DOCUMENTS\GITHUB\PROYECTO 2\ASSEMBLY\ETCH A SKETCH.X\PRINCIPAL.ASM 379 : Register in operand not in bank 0.  Ensure that bank bits are correct.
Message[302] C:\USERS\NOELP\DOCUMENTS\GITHUB\PROYECTO 2\ASSEMBLY\ETCH A SKETCH.X\PRINCIPAL.ASM 380 : Register in operand not in bank 0.  Ensure that bank bits are correct.
Message[302] C:\USERS\NOELP\DOCUMENTS\GITHUB\PROYECTO 2\ASSEMBLY\ETCH A SKETCH.X\PRINCIPAL.ASM 382 : Register in operand not in bank 0.  Ensure that bank bits are correct.
Message[302] C:\USERS\NOELP\DOCUMENTS\GITHUB\PROYECTO 2\ASSEMBLY\ETCH A SKETCH.X\PRINCIPAL.ASM 383 : Register in operand not in bank 0.  Ensure that bank bits are correct.
Message[302] C:\USERS\NOELP\DOCUMENTS\GITHUB\PROYECTO 2\ASSEMBLY\ETCH A SKETCH.X\PRINCIPAL.ASM 390 : Register in operand not in bank 0.  Ensure that bank bits are correct.
Message[302] C:\USERS\NOELP\DOCUMENTS\GITHUB\PROYECTO 2\ASSEMBLY\ETCH A SKETCH.X\PRINCIPAL.ASM 391 : Register in operand not in bank 0.  Ensure that bank bits are correct.
Message[302] C:\USERS\NOELP\DOCUMENTS\GITHUB\PROYECTO 2\ASSEMBLY\ETCH A SKETCH.X\PRINCIPAL.ASM 393 : Register in operand not in bank 0.  Ensure that bank bits are correct.
Message[302] C:\USERS\NOELP\DOCUMENTS\GITHUB\PROYECTO 2\ASSEMBLY\ETCH A SKETCH.X\PRINCIPAL.ASM 394 : Register in operand not in bank 0.  Ensure that bank bits are correct.
Message[302] C:\USERS\NOELP\DOCUMENTS\GITHUB\PROYECTO 2\ASSEMBLY\ETCH A SKETCH.X\PRINCIPAL.ASM 395 : Register in operand not in bank 0.  Ensure that bank bits are correct.
Message[302] C:\USERS\NOELP\DOCUMENTS\GITHUB\PROYECTO 2\ASSEMBLY\ETCH A SKETCH.X\PRINCIPAL.ASM 396 : Register in operand not in bank 0.  Ensure that bank bits are correct.
Message[302] C:\USERS\NOELP\DOCUMENTS\GITHUB\PROYECTO 2\ASSEMBLY\ETCH A SKETCH.X\PRINCIPAL.ASM 398 : Register in operand not in bank 0.  Ensure that bank bits are correct.
Warning[207] C:\USERS\NOELP\DOCUMENTS\GITHUB\PROYECTO 2\ASSEMBLY\ETCH A SKETCH.X\PRINCIPAL.ASM 406 : Found label after column 1. (CONFIG_INTERRUPT)
Message[302] C:\USERS\NOELP\DOCUMENTS\GITHUB\PROYECTO 2\ASSEMBLY\ETCH A SKETCH.X\PRINCIPAL.ASM 409 : Register in operand not in bank 0.  Ensure that bank bits are correct.
