Warning[207] C:\USERS\NOELP\DOCUMENTS\GITHUB\PROYECTO 2\ASSEMBLY\PRUEBA1MILLON.X\PRB.ASM 13 : Found label after column 1. (VALOR_TMR0)
Warning[207] C:\USERS\NOELP\DOCUMENTS\GITHUB\PROYECTO 2\ASSEMBLY\PRUEBA1MILLON.X\PRB.ASM 14 : Found label after column 1. (VARIA)
Warning[207] C:\USERS\NOELP\DOCUMENTS\GITHUB\PROYECTO 2\ASSEMBLY\PRUEBA1MILLON.X\PRB.ASM 16 : Found label after column 1. (CONTADOR)
Warning[207] C:\USERS\NOELP\DOCUMENTS\GITHUB\PROYECTO 2\ASSEMBLY\PRUEBA1MILLON.X\PRB.ASM 28 : Found label after column 1. (PIXEL_X_HIGH)
Warning[207] C:\USERS\NOELP\DOCUMENTS\GITHUB\PROYECTO 2\ASSEMBLY\PRUEBA1MILLON.X\PRB.ASM 33 : Found label after column 1. (FLAGS)
Warning[207] C:\USERS\NOELP\DOCUMENTS\GITHUB\PROYECTO 2\ASSEMBLY\PRUEBA1MILLON.X\PRB.ASM 36 : Found label after column 1. (VALOR_BIN)
Warning[207] C:\USERS\NOELP\DOCUMENTS\GITHUB\PROYECTO 2\ASSEMBLY\PRUEBA1MILLON.X\PRB.ASM 37 : Found label after column 1. (VALOR_DECENAS)
Warning[207] C:\USERS\NOELP\DOCUMENTS\GITHUB\PROYECTO 2\ASSEMBLY\PRUEBA1MILLON.X\PRB.ASM 38 : Found label after column 1. (VALOR_CENTENAS)
Warning[207] C:\USERS\NOELP\DOCUMENTS\GITHUB\PROYECTO 2\ASSEMBLY\PRUEBA1MILLON.X\PRB.ASM 39 : Found label after column 1. (VALOR_UNIDADES)
Warning[207] C:\USERS\NOELP\DOCUMENTS\GITHUB\PROYECTO 2\ASSEMBLY\PRUEBA1MILLON.X\PRB.ASM 41 : Found label after column 1. (DATO1)
Warning[207] C:\USERS\NOELP\DOCUMENTS\GITHUB\PROYECTO 2\ASSEMBLY\PRUEBA1MILLON.X\PRB.ASM 42 : Found label after column 1. (DATO2)
Warning[207] C:\USERS\NOELP\DOCUMENTS\GITHUB\PROYECTO 2\ASSEMBLY\PRUEBA1MILLON.X\PRB.ASM 43 : Found label after column 1. (DATO3)
Warning[207] C:\USERS\NOELP\DOCUMENTS\GITHUB\PROYECTO 2\ASSEMBLY\PRUEBA1MILLON.X\PRB.ASM 44 : Found label after column 1. (CONTADOR_RECEIVER)
Warning[207] C:\USERS\NOELP\DOCUMENTS\GITHUB\PROYECTO 2\ASSEMBLY\PRUEBA1MILLON.X\PRB.ASM 45 : Found label after column 1. (DATOAUX)
Warning[207] C:\USERS\NOELP\DOCUMENTS\GITHUB\PROYECTO 2\ASSEMBLY\PRUEBA1MILLON.X\PRB.ASM 47 : Found label after column 1. (STATUS_RAM)
Warning[207] C:\USERS\NOELP\DOCUMENTS\GITHUB\PROYECTO 2\ASSEMBLY\PRUEBA1MILLON.X\PRB.ASM 53 : Found label after column 1. (SAVE)
Warning[207] C:\USERS\NOELP\DOCUMENTS\GITHUB\PROYECTO 2\ASSEMBLY\PRUEBA1MILLON.X\PRB.ASM 83 : Found label after column 1. (LECTURA_C1)
Warning[207] C:\USERS\NOELP\DOCUMENTS\GITHUB\PROYECTO 2\ASSEMBLY\PRUEBA1MILLON.X\PRB.ASM 87 : Found label after column 1. (FINAL)
Warning[207] C:\USERS\NOELP\DOCUMENTS\GITHUB\PROYECTO 2\ASSEMBLY\PRUEBA1MILLON.X\PRB.ASM 114 : Found label after column 1. (VER_Y)
Warning[207] C:\USERS\NOELP\DOCUMENTS\GITHUB\PROYECTO 2\ASSEMBLY\PRUEBA1MILLON.X\PRB.ASM 129 : Found label after column 1. (GUARDAR_COORDENADAS)
Warning[207] C:\USERS\NOELP\DOCUMENTS\GITHUB\PROYECTO 2\ASSEMBLY\PRUEBA1MILLON.X\PRB.ASM 136 : Found label after column 1. (VALOR1)
Warning[207] C:\USERS\NOELP\DOCUMENTS\GITHUB\PROYECTO 2\ASSEMBLY\PRUEBA1MILLON.X\PRB.ASM 142 : Found label after column 1. (VALOR2)
Warning[207] C:\USERS\NOELP\DOCUMENTS\GITHUB\PROYECTO 2\ASSEMBLY\PRUEBA1MILLON.X\PRB.ASM 148 : Found label after column 1. (VALOR3)
Warning[207] C:\USERS\NOELP\DOCUMENTS\GITHUB\PROYECTO 2\ASSEMBLY\PRUEBA1MILLON.X\PRB.ASM 185 : Found label after column 1. (MOSTRAR_DATOS)
Warning[207] C:\USERS\NOELP\DOCUMENTS\GITHUB\PROYECTO 2\ASSEMBLY\PRUEBA1MILLON.X\PRB.ASM 197 : Found label after column 1. (PRIMERO)
Warning[207] C:\USERS\NOELP\DOCUMENTS\GITHUB\PROYECTO 2\ASSEMBLY\PRUEBA1MILLON.X\PRB.ASM 204 : Found label after column 1. (SEGUNDO)
Warning[207] C:\USERS\NOELP\DOCUMENTS\GITHUB\PROYECTO 2\ASSEMBLY\PRUEBA1MILLON.X\PRB.ASM 211 : Found label after column 1. (TERCERO)
Warning[207] C:\USERS\NOELP\DOCUMENTS\GITHUB\PROYECTO 2\ASSEMBLY\PRUEBA1MILLON.X\PRB.ASM 218 : Found label after column 1. (CUARTO)
Warning[207] C:\USERS\NOELP\DOCUMENTS\GITHUB\PROYECTO 2\ASSEMBLY\PRUEBA1MILLON.X\PRB.ASM 225 : Found label after column 1. (QUINTO)
Warning[207] C:\USERS\NOELP\DOCUMENTS\GITHUB\PROYECTO 2\ASSEMBLY\PRUEBA1MILLON.X\PRB.ASM 232 : Found label after column 1. (SEXTO)
Message[302] C:\USERS\NOELP\DOCUMENTS\GITHUB\PROYECTO 2\ASSEMBLY\PRUEBA1MILLON.X\PRB.ASM 245 : Register in operand not in bank 0.  Ensure that bank bits are correct.
Message[302] C:\USERS\NOELP\DOCUMENTS\GITHUB\PROYECTO 2\ASSEMBLY\PRUEBA1MILLON.X\PRB.ASM 247 : Register in operand not in bank 0.  Ensure that bank bits are correct.
Message[302] C:\USERS\NOELP\DOCUMENTS\GITHUB\PROYECTO 2\ASSEMBLY\PRUEBA1MILLON.X\PRB.ASM 252 : Register in operand not in bank 0.  Ensure that bank bits are correct.
Message[302] C:\USERS\NOELP\DOCUMENTS\GITHUB\PROYECTO 2\ASSEMBLY\PRUEBA1MILLON.X\PRB.ASM 253 : Register in operand not in bank 0.  Ensure that bank bits are correct.
Message[302] C:\USERS\NOELP\DOCUMENTS\GITHUB\PROYECTO 2\ASSEMBLY\PRUEBA1MILLON.X\PRB.ASM 254 : Register in operand not in bank 0.  Ensure that bank bits are correct.
Message[302] C:\USERS\NOELP\DOCUMENTS\GITHUB\PROYECTO 2\ASSEMBLY\PRUEBA1MILLON.X\PRB.ASM 257 : Register in operand not in bank 0.  Ensure that bank bits are correct.
Message[302] C:\USERS\NOELP\DOCUMENTS\GITHUB\PROYECTO 2\ASSEMBLY\PRUEBA1MILLON.X\PRB.ASM 262 : Register in operand not in bank 0.  Ensure that bank bits are correct.
Message[302] C:\USERS\NOELP\DOCUMENTS\GITHUB\PROYECTO 2\ASSEMBLY\PRUEBA1MILLON.X\PRB.ASM 263 : Register in operand not in bank 0.  Ensure that bank bits are correct.
Message[302] C:\USERS\NOELP\DOCUMENTS\GITHUB\PROYECTO 2\ASSEMBLY\PRUEBA1MILLON.X\PRB.ASM 265 : Register in operand not in bank 0.  Ensure that bank bits are correct.
Message[302] C:\USERS\NOELP\DOCUMENTS\GITHUB\PROYECTO 2\ASSEMBLY\PRUEBA1MILLON.X\PRB.ASM 266 : Register in operand not in bank 0.  Ensure that bank bits are correct.
Message[302] C:\USERS\NOELP\DOCUMENTS\GITHUB\PROYECTO 2\ASSEMBLY\PRUEBA1MILLON.X\PRB.ASM 267 : Register in operand not in bank 0.  Ensure that bank bits are correct.
Message[302] C:\USERS\NOELP\DOCUMENTS\GITHUB\PROYECTO 2\ASSEMBLY\PRUEBA1MILLON.X\PRB.ASM 268 : Register in operand not in bank 0.  Ensure that bank bits are correct.
Message[302] C:\USERS\NOELP\DOCUMENTS\GITHUB\PROYECTO 2\ASSEMBLY\PRUEBA1MILLON.X\PRB.ASM 271 : Register in operand not in bank 0.  Ensure that bank bits are correct.
Message[302] C:\USERS\NOELP\DOCUMENTS\GITHUB\PROYECTO 2\ASSEMBLY\PRUEBA1MILLON.X\PRB.ASM 273 : Register in operand not in bank 0.  Ensure that bank bits are correct.
Message[302] C:\USERS\NOELP\DOCUMENTS\GITHUB\PROYECTO 2\ASSEMBLY\PRUEBA1MILLON.X\PRB.ASM 274 : Register in operand not in bank 0.  Ensure that bank bits are correct.
Message[302] C:\USERS\NOELP\DOCUMENTS\GITHUB\PROYECTO 2\ASSEMBLY\PRUEBA1MILLON.X\PRB.ASM 275 : Register in operand not in bank 0.  Ensure that bank bits are correct.
Warning[207] C:\USERS\NOELP\DOCUMENTS\GITHUB\PROYECTO 2\ASSEMBLY\PRUEBA1MILLON.X\PRB.ASM 351 : Found label after column 1. (UNO)
Warning[207] C:\USERS\NOELP\DOCUMENTS\GITHUB\PROYECTO 2\ASSEMBLY\PRUEBA1MILLON.X\PRB.ASM 354 : Found label after column 1. (DOS)
Warning[207] C:\USERS\NOELP\DOCUMENTS\GITHUB\PROYECTO 2\ASSEMBLY\PRUEBA1MILLON.X\PRB.ASM 357 : Found label after column 1. (TRES)
Warning[207] C:\USERS\NOELP\DOCUMENTS\GITHUB\PROYECTO 2\ASSEMBLY\PRUEBA1MILLON.X\PRB.ASM 360 : Found label after column 1. (CUATRO)
Warning[207] C:\USERS\NOELP\DOCUMENTS\GITHUB\PROYECTO 2\ASSEMBLY\PRUEBA1MILLON.X\PRB.ASM 363 : Found label after column 1. (CINCO)
Warning[207] C:\USERS\NOELP\DOCUMENTS\GITHUB\PROYECTO 2\ASSEMBLY\PRUEBA1MILLON.X\PRB.ASM 366 : Found label after column 1. (SEIS)
Warning[207] C:\USERS\NOELP\DOCUMENTS\GITHUB\PROYECTO 2\ASSEMBLY\PRUEBA1MILLON.X\PRB.ASM 369 : Found label after column 1. (SIETE)
Warning[207] C:\USERS\NOELP\DOCUMENTS\GITHUB\PROYECTO 2\ASSEMBLY\PRUEBA1MILLON.X\PRB.ASM 372 : Found label after column 1. (OCHO)
Warning[207] C:\USERS\NOELP\DOCUMENTS\GITHUB\PROYECTO 2\ASSEMBLY\PRUEBA1MILLON.X\PRB.ASM 375 : Found label after column 1. (ENVIAR)
Warning[207] C:\USERS\NOELP\DOCUMENTS\GITHUB\PROYECTO 2\ASSEMBLY\PRUEBA1MILLON.X\PRB.ASM 377 : Found label after column 1. (ENVIAR_SIN_SUMA)
Warning[207] C:\USERS\NOELP\DOCUMENTS\GITHUB\PROYECTO 2\ASSEMBLY\PRUEBA1MILLON.X\PRB.ASM 388 : Found label after column 1. (CENTENAS)
Warning[207] C:\USERS\NOELP\DOCUMENTS\GITHUB\PROYECTO 2\ASSEMBLY\PRUEBA1MILLON.X\PRB.ASM 400 : Found label after column 1. (DECENAS)
Warning[207] C:\USERS\NOELP\DOCUMENTS\GITHUB\PROYECTO 2\ASSEMBLY\PRUEBA1MILLON.X\PRB.ASM 410 : Found label after column 1. (UNIDADES)
