Warning[207] C:\USERS\NOELP\DOCUMENTS\GITHUB\PROYECTO 2\ASSEMBLY\PRUEBAS2-ETCH.X\PRUEBAS2.ASM 21 : Found label after column 1. (GPR_VAR)
Warning[207] C:\USERS\NOELP\DOCUMENTS\GITHUB\PROYECTO 2\ASSEMBLY\PRUEBAS2-ETCH.X\PRUEBAS2.ASM 27 : Found label after column 1. (W_TEMP)
Warning[207] C:\USERS\NOELP\DOCUMENTS\GITHUB\PROYECTO 2\ASSEMBLY\PRUEBAS2-ETCH.X\PRUEBAS2.ASM 30 : Found label after column 1. (NIBBLE_L3)
Warning[207] C:\USERS\NOELP\DOCUMENTS\GITHUB\PROYECTO 2\ASSEMBLY\PRUEBAS2-ETCH.X\PRUEBAS2.ASM 74 : Found label after column 1. (INTERRUPCION_TIMER0)
Message[305] C:\USERS\NOELP\DOCUMENTS\GITHUB\PROYECTO 2\ASSEMBLY\PRUEBAS2-ETCH.X\PRUEBAS2.ASM 75 : Using default destination of 1 (file).
Warning[207] C:\USERS\NOELP\DOCUMENTS\GITHUB\PROYECTO 2\ASSEMBLY\PRUEBAS2-ETCH.X\PRUEBAS2.ASM 87 : Found label after column 1. (RECEPCION)
Warning[207] C:\USERS\NOELP\DOCUMENTS\GITHUB\PROYECTO 2\ASSEMBLY\PRUEBAS2-ETCH.X\PRUEBAS2.ASM 106 : Found label after column 1. (VALORES_Y)
Warning[207] C:\USERS\NOELP\DOCUMENTS\GITHUB\PROYECTO 2\ASSEMBLY\PRUEBAS2-ETCH.X\PRUEBAS2.ASM 122 : Found label after column 1. (GUARDAR)
Warning[207] C:\USERS\NOELP\DOCUMENTS\GITHUB\PROYECTO 2\ASSEMBLY\PRUEBAS2-ETCH.X\PRUEBAS2.ASM 130 : Found label after column 1. (UNO)
Message[305] C:\USERS\NOELP\DOCUMENTS\GITHUB\PROYECTO 2\ASSEMBLY\PRUEBAS2-ETCH.X\PRUEBAS2.ASM 132 : Using default destination of 1 (file).
Message[305] C:\USERS\NOELP\DOCUMENTS\GITHUB\PROYECTO 2\ASSEMBLY\PRUEBAS2-ETCH.X\PRUEBAS2.ASM 134 : Using default destination of 1 (file).
Warning[207] C:\USERS\NOELP\DOCUMENTS\GITHUB\PROYECTO 2\ASSEMBLY\PRUEBAS2-ETCH.X\PRUEBAS2.ASM 137 : Found label after column 1. (DOS)
Message[305] C:\USERS\NOELP\DOCUMENTS\GITHUB\PROYECTO 2\ASSEMBLY\PRUEBAS2-ETCH.X\PRUEBAS2.ASM 139 : Using default destination of 1 (file).
Message[305] C:\USERS\NOELP\DOCUMENTS\GITHUB\PROYECTO 2\ASSEMBLY\PRUEBAS2-ETCH.X\PRUEBAS2.ASM 141 : Using default destination of 1 (file).
Warning[207] C:\USERS\NOELP\DOCUMENTS\GITHUB\PROYECTO 2\ASSEMBLY\PRUEBAS2-ETCH.X\PRUEBAS2.ASM 144 : Found label after column 1. (TRES)
Message[305] C:\USERS\NOELP\DOCUMENTS\GITHUB\PROYECTO 2\ASSEMBLY\PRUEBAS2-ETCH.X\PRUEBAS2.ASM 146 : Using default destination of 1 (file).
Message[305] C:\USERS\NOELP\DOCUMENTS\GITHUB\PROYECTO 2\ASSEMBLY\PRUEBAS2-ETCH.X\PRUEBAS2.ASM 148 : Using default destination of 1 (file).
Warning[207] C:\USERS\NOELP\DOCUMENTS\GITHUB\PROYECTO 2\ASSEMBLY\PRUEBAS2-ETCH.X\PRUEBAS2.ASM 151 : Found label after column 1. (INT_ADC)
Warning[207] C:\USERS\NOELP\DOCUMENTS\GITHUB\PROYECTO 2\ASSEMBLY\PRUEBAS2-ETCH.X\PRUEBAS2.ASM 170 : Found label after column 1. (REINICIOADC)
Warning[207] C:\USERS\NOELP\DOCUMENTS\GITHUB\PROYECTO 2\ASSEMBLY\PRUEBAS2-ETCH.X\PRUEBAS2.ASM 191 : Found label after column 1. (TABLE)
Message[305] C:\USERS\NOELP\DOCUMENTS\GITHUB\PROYECTO 2\ASSEMBLY\PRUEBAS2-ETCH.X\PRUEBAS2.ASM 192 : Using default destination of 1 (file).
Warning[207] C:\USERS\NOELP\DOCUMENTS\GITHUB\PROYECTO 2\ASSEMBLY\PRUEBAS2-ETCH.X\PRUEBAS2.ASM 231 : Found label after column 1. (LECTURA)
Message[305] C:\USERS\NOELP\DOCUMENTS\GITHUB\PROYECTO 2\ASSEMBLY\PRUEBAS2-ETCH.X\PRUEBAS2.ASM 234 : Using default destination of 1 (file).
Message[305] C:\USERS\NOELP\DOCUMENTS\GITHUB\PROYECTO 2\ASSEMBLY\PRUEBAS2-ETCH.X\PRUEBAS2.ASM 236 : Using default destination of 1 (file).
Warning[207] C:\USERS\NOELP\DOCUMENTS\GITHUB\PROYECTO 2\ASSEMBLY\PRUEBAS2-ETCH.X\PRUEBAS2.ASM 384 : Found label after column 1. (SEPARAR_NIBBLE)
Warning[207] C:\USERS\NOELP\DOCUMENTS\GITHUB\PROYECTO 2\ASSEMBLY\PRUEBAS2-ETCH.X\PRUEBAS2.ASM 418 : Found label after column 1. (DISPLAY)
Warning[207] C:\USERS\NOELP\DOCUMENTS\GITHUB\PROYECTO 2\ASSEMBLY\PRUEBAS2-ETCH.X\PRUEBAS2.ASM 486 : Found label after column 1. (DELAY)
Warning[207] C:\USERS\NOELP\DOCUMENTS\GITHUB\PROYECTO 2\ASSEMBLY\PRUEBAS2-ETCH.X\PRUEBAS2.ASM 495 : Found label after column 1. (CONFIG_IO)
Message[302] C:\USERS\NOELP\DOCUMENTS\GITHUB\PROYECTO 2\ASSEMBLY\PRUEBAS2-ETCH.X\PRUEBAS2.ASM 498 : Register in operand not in bank 0.  Ensure that bank bits are correct.
Message[302] C:\USERS\NOELP\DOCUMENTS\GITHUB\PROYECTO 2\ASSEMBLY\PRUEBAS2-ETCH.X\PRUEBAS2.ASM 499 : Register in operand not in bank 0.  Ensure that bank bits are correct.
Message[302] C:\USERS\NOELP\DOCUMENTS\GITHUB\PROYECTO 2\ASSEMBLY\PRUEBAS2-ETCH.X\PRUEBAS2.ASM 501 : Register in operand not in bank 0.  Ensure that bank bits are correct.
Message[302] C:\USERS\NOELP\DOCUMENTS\GITHUB\PROYECTO 2\ASSEMBLY\PRUEBAS2-ETCH.X\PRUEBAS2.ASM 524 : Register in operand not in bank 0.  Ensure that bank bits are correct.
Message[302] C:\USERS\NOELP\DOCUMENTS\GITHUB\PROYECTO 2\ASSEMBLY\PRUEBAS2-ETCH.X\PRUEBAS2.ASM 526 : Register in operand not in bank 0.  Ensure that bank bits are correct.
Message[302] C:\USERS\NOELP\DOCUMENTS\GITHUB\PROYECTO 2\ASSEMBLY\PRUEBAS2-ETCH.X\PRUEBAS2.ASM 527 : Register in operand not in bank 0.  Ensure that bank bits are correct.
Message[302] C:\USERS\NOELP\DOCUMENTS\GITHUB\PROYECTO 2\ASSEMBLY\PRUEBAS2-ETCH.X\PRUEBAS2.ASM 529 : Register in operand not in bank 0.  Ensure that bank bits are correct.
Message[302] C:\USERS\NOELP\DOCUMENTS\GITHUB\PROYECTO 2\ASSEMBLY\PRUEBAS2-ETCH.X\PRUEBAS2.ASM 530 : Register in operand not in bank 0.  Ensure that bank bits are correct.
Message[302] C:\USERS\NOELP\DOCUMENTS\GITHUB\PROYECTO 2\ASSEMBLY\PRUEBAS2-ETCH.X\PRUEBAS2.ASM 537 : Register in operand not in bank 0.  Ensure that bank bits are correct.
Message[302] C:\USERS\NOELP\DOCUMENTS\GITHUB\PROYECTO 2\ASSEMBLY\PRUEBAS2-ETCH.X\PRUEBAS2.ASM 538 : Register in operand not in bank 0.  Ensure that bank bits are correct.
Message[302] C:\USERS\NOELP\DOCUMENTS\GITHUB\PROYECTO 2\ASSEMBLY\PRUEBAS2-ETCH.X\PRUEBAS2.ASM 540 : Register in operand not in bank 0.  Ensure that bank bits are correct.
Message[302] C:\USERS\NOELP\DOCUMENTS\GITHUB\PROYECTO 2\ASSEMBLY\PRUEBAS2-ETCH.X\PRUEBAS2.ASM 541 : Register in operand not in bank 0.  Ensure that bank bits are correct.
Message[302] C:\USERS\NOELP\DOCUMENTS\GITHUB\PROYECTO 2\ASSEMBLY\PRUEBAS2-ETCH.X\PRUEBAS2.ASM 542 : Register in operand not in bank 0.  Ensure that bank bits are correct.
Message[302] C:\USERS\NOELP\DOCUMENTS\GITHUB\PROYECTO 2\ASSEMBLY\PRUEBAS2-ETCH.X\PRUEBAS2.ASM 543 : Register in operand not in bank 0.  Ensure that bank bits are correct.
Message[302] C:\USERS\NOELP\DOCUMENTS\GITHUB\PROYECTO 2\ASSEMBLY\PRUEBAS2-ETCH.X\PRUEBAS2.ASM 545 : Register in operand not in bank 0.  Ensure that bank bits are correct.
Warning[207] C:\USERS\NOELP\DOCUMENTS\GITHUB\PROYECTO 2\ASSEMBLY\PRUEBAS2-ETCH.X\PRUEBAS2.ASM 552 : Found label after column 1. (CONFIG_TMR0)
Message[302] C:\USERS\NOELP\DOCUMENTS\GITHUB\PROYECTO 2\ASSEMBLY\PRUEBAS2-ETCH.X\PRUEBAS2.ASM 554 : Register in operand not in bank 0.  Ensure that bank bits are correct.
Message[302] C:\USERS\NOELP\DOCUMENTS\GITHUB\PROYECTO 2\ASSEMBLY\PRUEBAS2-ETCH.X\PRUEBAS2.ASM 555 : Register in operand not in bank 0.  Ensure that bank bits are correct.
Message[302] C:\USERS\NOELP\DOCUMENTS\GITHUB\PROYECTO 2\ASSEMBLY\PRUEBAS2-ETCH.X\PRUEBAS2.ASM 556 : Register in operand not in bank 0.  Ensure that bank bits are correct.
Message[302] C:\USERS\NOELP\DOCUMENTS\GITHUB\PROYECTO 2\ASSEMBLY\PRUEBAS2-ETCH.X\PRUEBAS2.ASM 557 : Register in operand not in bank 0.  Ensure that bank bits are correct.
Message[302] C:\USERS\NOELP\DOCUMENTS\GITHUB\PROYECTO 2\ASSEMBLY\PRUEBAS2-ETCH.X\PRUEBAS2.ASM 558 : Register in operand not in bank 0.  Ensure that bank bits are correct.
Warning[207] C:\USERS\NOELP\DOCUMENTS\GITHUB\PROYECTO 2\ASSEMBLY\PRUEBAS2-ETCH.X\PRUEBAS2.ASM 565 : Found label after column 1. (CONFIG_INTERRUPT)
Message[302] C:\USERS\NOELP\DOCUMENTS\GITHUB\PROYECTO 2\ASSEMBLY\PRUEBAS2-ETCH.X\PRUEBAS2.ASM 568 : Register in operand not in bank 0.  Ensure that bank bits are correct.
Message[302] C:\USERS\NOELP\DOCUMENTS\GITHUB\PROYECTO 2\ASSEMBLY\PRUEBAS2-ETCH.X\PRUEBAS2.ASM 569 : Register in operand not in bank 0.  Ensure that bank bits are correct.
